2016/02/17 10:44:05 [warning] [application] Failed to set unsafe attribute "client_logo" of "SiteConfig".
in /var/www/akademik/ams/controllers/SiteConfigController.php (89)
in /var/www/akademik/ams/www/akademik.smpplusalkautsar/index.php (17)
2016/02/17 10:44:05 [warning] [application] Failed to set unsafe attribute "settings" of "SiteConfig".
in /var/www/akademik/ams/controllers/SiteConfigController.php (89)
in /var/www/akademik/ams/www/akademik.smpplusalkautsar/index.php (17)
2016/02/17 10:44:05 [error] [exception.CException] exception 'CException' with message 'image file not found' in /var/www/akademik/common/extensions/image/Image.php:73
Stack trace:
#0 /var/www/akademik/common/components/LandaCore.php(53): Image->__construct('/var/www/akadem...')
#1 /var/www/akademik/ams/controllers/SiteConfigController.php(103): LandaCore->createImg('site/', 'smp-plus-al-kau...', '1')
#2 [internal function]: SiteConfigController->actionUpdate('1')
#3 /var/www/akademik/common/lib/yii/web/actions/CAction.php(108): ReflectionMethod->invokeArgs(Object(SiteConfigController), Array)
#4 /var/www/akademik/common/lib/yii/web/actions/CInlineAction.php(47): CAction->runWithParamsInternal(Object(SiteConfigController), Object(ReflectionMethod), Array)
#5 /var/www/akademik/common/lib/yii/web/CController.php(308): CInlineAction->runWithParams(Array)
#6 /var/www/akademik/common/lib/yii/web/filters/CFilterChain.php(133): CController->runAction(Object(CInlineAction))
#7 /var/www/akademik/common/lib/yii/web/filters/CFilter.php(40): CFilterChain->run()
#8 /var/www/akademik/common/lib/yii/web/CController.php(1145): CFilter->filter(Object(CFilterChain))
#9 /var/www/akademik/common/lib/yii/web/filters/CInlineFilter.php(58): CController->filterAccessControl(Object(CFilterChain))
#10 /var/www/akademik/common/lib/yii/web/filters/CFilterChain.php(130): CInlineFilter->filter(Object(CFilterChain))
#11 /var/www/akademik/common/lib/yii/web/CController.php(291): CFilterChain->run()
#12 /var/www/akademik/common/lib/yii/web/CController.php(265): CController->runActionWithFilters(Object(CInlineAction), Array)
#13 /var/www/akademik/common/lib/yii/web/CWebApplication.php(282): CController->run('update')
#14 /var/www/akademik/common/lib/yii/web/CWebApplication.php(141): CWebApplication->runController('siteConfig/upda...')
#15 /var/www/akademik/common/lib/yii/base/CApplication.php(180): CWebApplication->processRequest()
#16 /var/www/akademik/ams/www/akademik.smpplusalkautsar/index.php(17): CApplication->run()
#17 {main}
REQUEST_URI=/akademik/ams/www/akademik.smpplusalkautsar/siteConfig/update/1.html
HTTP_REFERER=http://localhost/akademik/ams/www/akademik.smpplusalkautsar/siteConfig/update/1.html
---
2016/02/17 10:44:27 [error] [exception.CHttpException.404] exception 'CHttpException' with message 'Unable to resolve the request "fonts/CopernicusWeb_BookItalic.woff".' in /var/www/akademik/common/lib/yii/web/CWebApplication.php:286
Stack trace:
#0 /var/www/akademik/common/lib/yii/web/CWebApplication.php(141): CWebApplication->runController('fonts/Copernicu...')
#1 /var/www/akademik/common/lib/yii/base/CApplication.php(180): CWebApplication->processRequest()
#2 /var/www/akademik/ams/www/akademik.smpplusalkautsar/index.php(17): CApplication->run()
#3 {main}
REQUEST_URI=/akademik/ams/www/akademik.smpplusalkautsar/fonts/CopernicusWeb_BookItalic.woff
HTTP_REFERER=http://localhost/akademik/ams/www/akademik.smpplusalkautsar/style.css
---
2016/02/17 10:44:29 [error] [exception.CHttpException.404] exception 'CHttpException' with message 'Unable to resolve the request "images/site/1-700x700-smp-plus-alkautsar.jpg".' in /var/www/akademik/common/lib/yii/web/CWebApplication.php:286
Stack trace:
#0 /var/www/akademik/common/lib/yii/web/CWebApplication.php(141): CWebApplication->runController('images/site/1-7...')
#1 /var/www/akademik/common/lib/yii/base/CApplication.php(180): CWebApplication->processRequest()
#2 /var/www/akademik/ams/www/akademik.smpplusalkautsar/index.php(17): CApplication->run()
#3 {main}
REQUEST_URI=/akademik/ams/www/akademik.smpplusalkautsar/images/site/1-700x700-smp-plus-alkautsar.jpg
HTTP_REFERER=http://localhost/akademik/ams/www/akademik.smpplusalkautsar/index.php
---
2016/02/17 10:44:29 [error] [exception.CHttpException.404] exception 'CHttpException' with message 'Unable to resolve the request "images/site/1-700x700-smp-plus-alkautsar.jpg".' in /var/www/akademik/common/lib/yii/web/CWebApplication.php:286
Stack trace:
#0 /var/www/akademik/common/lib/yii/web/CWebApplication.php(141): CWebApplication->runController('images/site/1-7...')
#1 /var/www/akademik/common/lib/yii/base/CApplication.php(180): CWebApplication->processRequest()
#2 /var/www/akademik/ams/www/akademik.smpplusalkautsar/index.php(17): CApplication->run()
#3 {main}
REQUEST_URI=/akademik/ams/www/akademik.smpplusalkautsar/images/site/1-700x700-smp-plus-alkautsar.jpg
HTTP_REFERER=http://localhost/akademik/ams/www/akademik.smpplusalkautsar/index.php
---
2016/02/17 10:44:54 [error] [exception.CHttpException.404] exception 'CHttpException' with message 'Unable to resolve the request "images/site/1-700x700-smp-plus-alkautsar.jpg".' in /var/www/akademik/common/lib/yii/web/CWebApplication.php:286
Stack trace:
#0 /var/www/akademik/common/lib/yii/web/CWebApplication.php(141): CWebApplication->runController('images/site/1-7...')
#1 /var/www/akademik/common/lib/yii/base/CApplication.php(180): CWebApplication->processRequest()
#2 /var/www/akademik/ams/www/akademik.smpplusalkautsar/index.php(17): CApplication->run()
#3 {main}
REQUEST_URI=/akademik/ams/www/akademik.smpplusalkautsar/images/site/1-700x700-smp-plus-alkautsar.jpg
HTTP_REFERER=http://localhost/akademik/ams/www/akademik.smpplusalkautsar/index.php
---
2016/02/17 10:45:05 [error] [exception.CHttpException.404] exception 'CHttpException' with message 'Unable to resolve the request "images/site/1-700x700-smp-plus-alkautsar.jpg".' in /var/www/akademik/common/lib/yii/web/CWebApplication.php:286
Stack trace:
#0 /var/www/akademik/common/lib/yii/web/CWebApplication.php(141): CWebApplication->runController('images/site/1-7...')
#1 /var/www/akademik/common/lib/yii/base/CApplication.php(180): CWebApplication->processRequest()
#2 /var/www/akademik/ams/www/akademik.smpplusalkautsar/index.php(17): CApplication->run()
#3 {main}
REQUEST_URI=/akademik/ams/www/akademik.smpplusalkautsar/images/site/1-700x700-smp-plus-alkautsar.jpg
HTTP_REFERER=http://localhost/akademik/ams/www/akademik.smpplusalkautsar/index.php
---
2016/02/17 10:45:14 [error] [exception.CHttpException.404] exception 'CHttpException' with message 'Unable to resolve the request "images/site/1-700x700-smp-plus-alkautsar.jpg".' in /var/www/akademik/common/lib/yii/web/CWebApplication.php:286
Stack trace:
#0 /var/www/akademik/common/lib/yii/web/CWebApplication.php(141): CWebApplication->runController('images/site/1-7...')
#1 /var/www/akademik/common/lib/yii/base/CApplication.php(180): CWebApplication->processRequest()
#2 /var/www/akademik/ams/www/akademik.smpplusalkautsar/index.php(17): CApplication->run()
#3 {main}
REQUEST_URI=/akademik/ams/www/akademik.smpplusalkautsar/images/site/1-700x700-smp-plus-alkautsar.jpg
HTTP_REFERER=http://localhost/akademik/ams/www/akademik.smpplusalkautsar/index.php
---
2016/02/17 10:45:14 [error] [exception.CHttpException.404] exception 'CHttpException' with message 'Unable to resolve the request "images/site/1-700x700-smp-plus-alkautsar.jpg".' in /var/www/akademik/common/lib/yii/web/CWebApplication.php:286
Stack trace:
#0 /var/www/akademik/common/lib/yii/web/CWebApplication.php(141): CWebApplication->runController('images/site/1-7...')
#1 /var/www/akademik/common/lib/yii/base/CApplication.php(180): CWebApplication->processRequest()
#2 /var/www/akademik/ams/www/akademik.smpplusalkautsar/index.php(17): CApplication->run()
#3 {main}
REQUEST_URI=/akademik/ams/www/akademik.smpplusalkautsar/images/site/1-700x700-smp-plus-alkautsar.jpg
HTTP_REFERER=http://localhost/akademik/ams/www/akademik.smpplusalkautsar/index.php
---
2016/02/17 10:45:21 [error] [exception.CHttpException.404] exception 'CHttpException' with message 'Unable to resolve the request "images/site/1-700x700-smp-plus-alkautsar.jpg".' in /var/www/akademik/common/lib/yii/web/CWebApplication.php:286
Stack trace:
#0 /var/www/akademik/common/lib/yii/web/CWebApplication.php(141): CWebApplication->runController('images/site/1-7...')
#1 /var/www/akademik/common/lib/yii/base/CApplication.php(180): CWebApplication->processRequest()
#2 /var/www/akademik/ams/www/akademik.smpplusalkautsar/index.php(17): CApplication->run()
#3 {main}
REQUEST_URI=/akademik/ams/www/akademik.smpplusalkautsar/images/site/1-700x700-smp-plus-alkautsar.jpg
HTTP_REFERER=http://localhost/akademik/ams/www/akademik.smpplusalkautsar/index.php
---
2016/02/17 11:01:38 [error] [exception.CHttpException.404] exception 'CHttpException' with message 'Unable to resolve the request "images/site/1-150x150-smp-plus-al-kautsar.jpg".' in /var/www/akademik/common/lib/yii/web/CWebApplication.php:286
Stack trace:
#0 /var/www/akademik/common/lib/yii/web/CWebApplication.php(141): CWebApplication->runController('images/site/1-1...')
#1 /var/www/akademik/common/lib/yii/base/CApplication.php(180): CWebApplication->processRequest()
#2 /var/www/akademik/ams/www/akademik.smpplusalkautsar/index.php(17): CApplication->run()
#3 {main}
REQUEST_URI=/akademik/ams/www/akademik.smpplusalkautsar/images/site/1-150x150-smp-plus-al-kautsar.jpg
HTTP_REFERER=http://localhost/akademik/ams/www/akademik.smpplusalkautsar/site/login.html
---
2016/02/17 11:01:38 [error] [exception.CHttpException.404] exception 'CHttpException' with message 'Unable to resolve the request "images/site/1-150x150-smp-plus-al-kautsar.jpg".' in /var/www/akademik/common/lib/yii/web/CWebApplication.php:286
Stack trace:
#0 /var/www/akademik/common/lib/yii/web/CWebApplication.php(141): CWebApplication->runController('images/site/1-1...')
#1 /var/www/akademik/common/lib/yii/base/CApplication.php(180): CWebApplication->processRequest()
#2 /var/www/akademik/ams/www/akademik.smpplusalkautsar/index.php(17): CApplication->run()
#3 {main}
REQUEST_URI=/akademik/ams/www/akademik.smpplusalkautsar/images/site/1-150x150-smp-plus-al-kautsar.jpg
HTTP_REFERER=http://localhost/akademik/ams/www/akademik.smpplusalkautsar/site/login.html
---
2016/02/17 11:03:01 [error] [exception.CHttpException.404] exception 'CHttpException' with message 'Unable to resolve the request "images/site/1-700x700-smp-plus-al-kautsar.jpg".' in /var/www/akademik/common/lib/yii/web/CWebApplication.php:286
Stack trace:
#0 /var/www/akademik/common/lib/yii/web/CWebApplication.php(141): CWebApplication->runController('images/site/1-7...')
#1 /var/www/akademik/common/lib/yii/base/CApplication.php(180): CWebApplication->processRequest()
#2 /var/www/akademik/ams/www/akademik.smpplusalkautsar/index.php(17): CApplication->run()
#3 {main}
REQUEST_URI=/akademik/ams/www/akademik.smpplusalkautsar/images/site/1-700x700-smp-plus-al-kautsar.jpg
HTTP_REFERER=http://localhost/akademik/ams/www/akademik.smpplusalkautsar/dashboard.html
---
2016/02/17 11:03:17 [error] [exception.CHttpException.404] exception 'CHttpException' with message 'Unable to resolve the request "images/site/1-700x700-smp-plus-al-kautsar.jpg".' in /var/www/akademik/common/lib/yii/web/CWebApplication.php:286
Stack trace:
#0 /var/www/akademik/common/lib/yii/web/CWebApplication.php(141): CWebApplication->runController('images/site/1-7...')
#1 /var/www/akademik/common/lib/yii/base/CApplication.php(180): CWebApplication->processRequest()
#2 /var/www/akademik/ams/www/akademik.smpplusalkautsar/index.php(17): CApplication->run()
#3 {main}
REQUEST_URI=/akademik/ams/www/akademik.smpplusalkautsar/images/site/1-700x700-smp-plus-al-kautsar.jpg
HTTP_REFERER=http://localhost/akademik/ams/www/akademik.smpplusalkautsar/dashboard.html
---
2016/02/17 11:06:31 [error] [exception.CHttpException.404] exception 'CHttpException' with message 'Unable to resolve the request "fonts/CopernicusWeb_BookItalic.woff".' in /var/www/akademik/common/lib/yii/web/CWebApplication.php:286
Stack trace:
#0 /var/www/akademik/common/lib/yii/web/CWebApplication.php(141): CWebApplication->runController('fonts/Copernicu...')
#1 /var/www/akademik/common/lib/yii/base/CApplication.php(180): CWebApplication->processRequest()
#2 /var/www/akademik/ams/www/akademik.smpplusalkautsar/index.php(17): CApplication->run()
#3 {main}
REQUEST_URI=/akademik/ams/www/akademik.smpplusalkautsar/fonts/CopernicusWeb_BookItalic.woff
HTTP_REFERER=http://localhost/akademik/ams/www/akademik.smpplusalkautsar/style.css
---
2016/02/17 11:06:34 [error] [exception.CHttpException.404] exception 'CHttpException' with message 'Unable to resolve the request "css/main.min.css".' in /var/www/akademik/common/lib/yii/web/CWebApplication.php:286
Stack trace:
#0 /var/www/akademik/common/lib/yii/web/CWebApplication.php(141): CWebApplication->runController('css/main.min.cs...')
#1 /var/www/akademik/common/lib/yii/base/CApplication.php(180): CWebApplication->processRequest()
#2 /var/www/akademik/ams/www/akademik.smpplusalkautsar/ujian/index.php(17): CApplication->run()
#3 {main}
REQUEST_URI=/akademik/ams/www/akademik.smpplusalkautsar/ujian/css/main.min.css
HTTP_REFERER=http://localhost/akademik/ams/www/akademik.smpplusalkautsar/ujian/
---
2016/02/17 11:06:34 [error] [exception.CHttpException.404] exception 'CHttpException' with message 'Unable to resolve the request "js/begin.js".' in /var/www/akademik/common/lib/yii/web/CWebApplication.php:286
Stack trace:
#0 /var/www/akademik/common/lib/yii/web/CWebApplication.php(141): CWebApplication->runController('js/begin.js')
#1 /var/www/akademik/common/lib/yii/base/CApplication.php(180): CWebApplication->processRequest()
#2 /var/www/akademik/ams/www/akademik.smpplusalkautsar/ujian/index.php(17): CApplication->run()
#3 {main}
REQUEST_URI=/akademik/ams/www/akademik.smpplusalkautsar/ujian/js/begin.js
HTTP_REFERER=http://localhost/akademik/ams/www/akademik.smpplusalkautsar/ujian/
---
2016/02/17 11:06:35 [error] [exception.CHttpException.404] exception 'CHttpException' with message 'Unable to resolve the request "js/main.js".' in /var/www/akademik/common/lib/yii/web/CWebApplication.php:286
Stack trace:
#0 /var/www/akademik/common/lib/yii/web/CWebApplication.php(141): CWebApplication->runController('js/main.js')
#1 /var/www/akademik/common/lib/yii/base/CApplication.php(180): CWebApplication->processRequest()
#2 /var/www/akademik/ams/www/akademik.smpplusalkautsar/ujian/index.php(17): CApplication->run()
#3 {main}
REQUEST_URI=/akademik/ams/www/akademik.smpplusalkautsar/ujian/js/main.js
HTTP_REFERER=http://localhost/akademik/ams/www/akademik.smpplusalkautsar/ujian/
---
2016/02/17 11:06:35 [error] [exception.CHttpException.404] exception 'CHttpException' with message 'Unable to resolve the request "img/loaderAjax.gif".' in /var/www/akademik/common/lib/yii/web/CWebApplication.php:286
Stack trace:
#0 /var/www/akademik/common/lib/yii/web/CWebApplication.php(141): CWebApplication->runController('img/loaderAjax....')
#1 /var/www/akademik/common/lib/yii/base/CApplication.php(180): CWebApplication->processRequest()
#2 /var/www/akademik/ams/www/akademik.smpplusalkautsar/ujian/index.php(17): CApplication->run()
#3 {main}
REQUEST_URI=/akademik/ams/www/akademik.smpplusalkautsar/ujian/img/loaderAjax.gif
HTTP_REFERER=http://localhost/akademik/ams/www/akademik.smpplusalkautsar/ujian/
---
2016/02/17 11:06:35 [error] [exception.CHttpException.404] exception 'CHttpException' with message 'Unable to resolve the request "images/site/1-700x700-smp-plus-al-kautsar.jpg".' in /var/www/akademik/common/lib/yii/web/CWebApplication.php:286
Stack trace:
#0 /var/www/akademik/common/lib/yii/web/CWebApplication.php(141): CWebApplication->runController('images/site/1-7...')
#1 /var/www/akademik/common/lib/yii/base/CApplication.php(180): CWebApplication->processRequest()
#2 /var/www/akademik/ams/www/akademik.smpplusalkautsar/ujian/index.php(17): CApplication->run()
#3 {main}
REQUEST_URI=/akademik/ams/www/akademik.smpplusalkautsar/ujian/images/site/1-700x700-smp-plus-al-kautsar.jpg
HTTP_REFERER=http://localhost/akademik/ams/www/akademik.smpplusalkautsar/ujian/
---
2016/02/17 11:06:35 [error] [exception.CHttpException.404] exception 'CHttpException' with message 'Unable to resolve the request "images/site/1-700x700-smp-plus-al-kautsar.jpg".' in /var/www/akademik/common/lib/yii/web/CWebApplication.php:286
Stack trace:
#0 /var/www/akademik/common/lib/yii/web/CWebApplication.php(141): CWebApplication->runController('images/site/1-7...')
#1 /var/www/akademik/common/lib/yii/base/CApplication.php(180): CWebApplication->processRequest()
#2 /var/www/akademik/ams/www/akademik.smpplusalkautsar/ujian/index.php(17): CApplication->run()
#3 {main}
REQUEST_URI=/akademik/ams/www/akademik.smpplusalkautsar/ujian/images/site/1-700x700-smp-plus-al-kautsar.jpg
HTTP_REFERER=http://localhost/akademik/ams/www/akademik.smpplusalkautsar/ujian/
---
2016/02/17 11:06:35 [error] [exception.CHttpException.404] exception 'CHttpException' with message 'Unable to resolve the request "img/loaderAjax.gif".' in /var/www/akademik/common/lib/yii/web/CWebApplication.php:286
Stack trace:
#0 /var/www/akademik/common/lib/yii/web/CWebApplication.php(141): CWebApplication->runController('img/loaderAjax....')
#1 /var/www/akademik/common/lib/yii/base/CApplication.php(180): CWebApplication->processRequest()
#2 /var/www/akademik/ams/www/akademik.smpplusalkautsar/ujian/index.php(17): CApplication->run()
#3 {main}
REQUEST_URI=/akademik/ams/www/akademik.smpplusalkautsar/ujian/img/loaderAjax.gif
HTTP_REFERER=http://localhost/akademik/ams/www/akademik.smpplusalkautsar/ujian/
---
2016/02/17 11:06:35 [error] [exception.CHttpException.404] exception 'CHttpException' with message 'Unable to resolve the request "img/favicon.ico".' in /var/www/akademik/common/lib/yii/web/CWebApplication.php:286
Stack trace:
#0 /var/www/akademik/common/lib/yii/web/CWebApplication.php(141): CWebApplication->runController('img/favicon.ico')
#1 /var/www/akademik/common/lib/yii/base/CApplication.php(180): CWebApplication->processRequest()
#2 /var/www/akademik/ams/www/akademik.smpplusalkautsar/ujian/index.php(17): CApplication->run()
#3 {main}
REQUEST_URI=/akademik/ams/www/akademik.smpplusalkautsar/ujian/img/favicon.ico
HTTP_REFERER=http://localhost/akademik/ams/www/akademik.smpplusalkautsar/ujian/
---
2016/02/17 11:06:39 [error] [exception.CHttpException.404] exception 'CHttpException' with message 'Unable to resolve the request "fonts/CopernicusWeb_BookItalic.woff".' in /var/www/akademik/common/lib/yii/web/CWebApplication.php:286
Stack trace:
#0 /var/www/akademik/common/lib/yii/web/CWebApplication.php(141): CWebApplication->runController('fonts/Copernicu...')
#1 /var/www/akademik/common/lib/yii/base/CApplication.php(180): CWebApplication->processRequest()
#2 /var/www/akademik/ams/www/akademik.smpplusalkautsar/index.php(17): CApplication->run()
#3 {main}
REQUEST_URI=/akademik/ams/www/akademik.smpplusalkautsar/fonts/CopernicusWeb_BookItalic.woff
HTTP_REFERER=http://localhost/akademik/ams/www/akademik.smpplusalkautsar/style.css
---
2016/02/17 11:10:03 [error] [exception.CHttpException.404] exception 'CHttpException' with message 'The system is unable to find the requested action "user".' in /var/www/akademik/common/lib/yii/web/CController.php:483
Stack trace:
#0 /var/www/akademik/common/lib/yii/web/CController.php(270): CController->missingAction('user')
#1 /var/www/akademik/common/lib/yii/web/CWebApplication.php(282): CController->run('user')
#2 /var/www/akademik/common/lib/yii/web/CWebApplication.php(141): CWebApplication->runController('user/user')
#3 /var/www/akademik/common/lib/yii/base/CApplication.php(180): CWebApplication->processRequest()
#4 /var/www/akademik/ams/www/akademik.smpplusalkautsar/index.php(17): CApplication->run()
#5 {main}
REQUEST_URI=/akademik/ams/www/akademik.smpplusalkautsar/user/user.html
HTTP_REFERER=http://localhost/akademik/ams/www/akademik.smpplusalkautsar/user/create.html?type=user
---
2016/02/17 11:43:11 [error] [php] file_get_contents(/var/log/gammu-smsdrc): failed to open stream: No such file or directory (/var/www/akademik/ams/controllers/SmsController.php:387)
Stack trace:
#0 /var/www/akademik/common/lib/yii/web/CController.php(308): CInlineAction->runWithParams()
#1 /var/www/akademik/common/lib/yii/web/filters/CFilterChain.php(133): SmsController->runAction()
#2 /var/www/akademik/common/lib/yii/web/filters/CFilter.php(40): CFilterChain->run()
#3 /var/www/akademik/common/lib/yii/web/CController.php(1145): CAccessControlFilter->filter()
#4 /var/www/akademik/common/lib/yii/web/filters/CInlineFilter.php(58): SmsController->filterAccessControl()
#5 /var/www/akademik/common/lib/yii/web/filters/CFilterChain.php(130): CInlineFilter->filter()
#6 /var/www/akademik/common/lib/yii/web/CController.php(291): CFilterChain->run()
#7 /var/www/akademik/common/lib/yii/web/CController.php(265): SmsController->runActionWithFilters()
#8 /var/www/akademik/common/lib/yii/web/CWebApplication.php(282): SmsController->run()
#9 /var/www/akademik/common/lib/yii/web/CWebApplication.php(141): CWebApplication->runController()
#10 /var/www/akademik/common/lib/yii/base/CApplication.php(180): CWebApplication->processRequest()
#11 /var/www/akademik/ams/www/akademik.smpplusalkautsar/index.php(17): CWebApplication->run()
REQUEST_URI=/akademik/ams/www/akademik.smpplusalkautsar/sms/logModem.html
in /var/www/akademik/ams/controllers/SmsController.php (387)
in /var/www/akademik/ams/www/akademik.smpplusalkautsar/index.php (17)
2016/02/17 11:46:01 [error] [exception.CHttpException.404] exception 'CHttpException' with message 'The system is unable to find the requested action "sentItem".' in /var/www/akademik/common/lib/yii/web/CController.php:483
Stack trace:
#0 /var/www/akademik/common/lib/yii/web/CController.php(270): CController->missingAction('sentItem')
#1 /var/www/akademik/common/lib/yii/web/CWebApplication.php(282): CController->run('sentItem')
#2 /var/www/akademik/common/lib/yii/web/CWebApplication.php(141): CWebApplication->runController('report/sentItem')
#3 /var/www/akademik/common/lib/yii/base/CApplication.php(180): CWebApplication->processRequest()
#4 /var/www/akademik/ams/www/akademik.smpplusalkautsar/index.php(17): CApplication->run()
#5 {main}
REQUEST_URI=/akademik/ams/www/akademik.smpplusalkautsar/report/sentItem.html
HTTP_REFERER=http://localhost/akademik/ams/www/akademik.smpplusalkautsar/ReportAbsent.html
---
2016/02/17 11:49:54 [error] [php] Undefined variable: roles_student (/var/www/akademik/ams/views/user/_form.php:67)
Stack trace:
#0 /var/www/akademik/common/lib/yii/web/CBaseController.php(93): YiiDebugViewRenderer->renderFile()
#1 /var/www/akademik/common/lib/yii/web/CController.php(869): UserController->renderFile()
#2 /var/www/akademik/ams/views/user/create.php(27): UserController->renderPartial()
#3 /var/www/akademik/common/lib/yii/web/CBaseController.php(126): require()
#4 /var/www/akademik/common/extensions/yii-debug-toolbar/YiiDebugViewRenderer.php(40): UserController->renderInternal()
#5 /var/www/akademik/common/lib/yii/web/CBaseController.php(93): YiiDebugViewRenderer->renderFile()
#6 /var/www/akademik/common/lib/yii/web/CController.php(869): UserController->renderFile()
#7 /var/www/akademik/common/lib/yii/web/CController.php(782): UserController->renderPartial()
#8 /var/www/akademik/ams/controllers/UserController.php(162): UserController->render()
#9 /var/www/akademik/common/lib/yii/web/actions/CInlineAction.php(49): UserController->actionCreate()
#10 /var/www/akademik/common/lib/yii/web/CController.php(308): CInlineAction->runWithParams()
#11 /var/www/akademik/common/lib/yii/web/filters/CFilterChain.php(133): UserController->runAction()
#12 /var/www/akademik/common/lib/yii/web/filters/CFilter.php(40): CFilterChain->run()
#13 /var/www/akademik/common/lib/yii/web/CController.php(1145): CAccessControlFilter->filter()
#14 /var/www/akademik/common/lib/yii/web/filters/CInlineFilter.php(58): UserController->filterAccessControl()
#15 /var/www/akademik/common/lib/yii/web/filters/CFilterChain.php(130): CInlineFilter->filter()
#16 /var/www/akademik/common/lib/yii/web/CController.php(291): CFilterChain->run()
#17 /var/www/akademik/common/lib/yii/web/CController.php(265): UserController->runActionWithFilters()
#18 /var/www/akademik/common/lib/yii/web/CWebApplication.php(282): UserController->run()
#19 /var/www/akademik/common/lib/yii/web/CWebApplication.php(141): CWebApplication->runController()
#20 /var/www/akademik/common/lib/yii/base/CApplication.php(180): CWebApplication->processRequest()
#21 /var/www/akademik/ams/www/akademik.smpplusalkautsar/index.php(17): CWebApplication->run()
REQUEST_URI=/akademik/ams/www/akademik.smpplusalkautsar/user/create.html?type=user
in /var/www/akademik/ams/views/user/_form.php (67)
in /var/www/akademik/common/extensions/yii-debug-toolbar/YiiDebugViewRenderer.php (40)
in /var/www/akademik/ams/views/user/create.php (27)
2016/02/17 11:50:19 [error] [php] Undefined variable: roles_student (/var/www/akademik/ams/views/user/_form.php:105)
Stack trace:
#0 /var/www/akademik/common/lib/yii/web/CBaseController.php(93): YiiDebugViewRenderer->renderFile()
#1 /var/www/akademik/common/lib/yii/web/CController.php(869): UserController->renderFile()
#2 /var/www/akademik/ams/views/user/create.php(27): UserController->renderPartial()
#3 /var/www/akademik/common/lib/yii/web/CBaseController.php(126): require()
#4 /var/www/akademik/common/extensions/yii-debug-toolbar/YiiDebugViewRenderer.php(40): UserController->renderInternal()
#5 /var/www/akademik/common/lib/yii/web/CBaseController.php(93): YiiDebugViewRenderer->renderFile()
#6 /var/www/akademik/common/lib/yii/web/CController.php(869): UserController->renderFile()
#7 /var/www/akademik/common/lib/yii/web/CController.php(782): UserController->renderPartial()
#8 /var/www/akademik/ams/controllers/UserController.php(162): UserController->render()
#9 /var/www/akademik/common/lib/yii/web/actions/CInlineAction.php(49): UserController->actionCreate()
#10 /var/www/akademik/common/lib/yii/web/CController.php(308): CInlineAction->runWithParams()
#11 /var/www/akademik/common/lib/yii/web/filters/CFilterChain.php(133): UserController->runAction()
#12 /var/www/akademik/common/lib/yii/web/filters/CFilter.php(40): CFilterChain->run()
#13 /var/www/akademik/common/lib/yii/web/CController.php(1145): CAccessControlFilter->filter()
#14 /var/www/akademik/common/lib/yii/web/filters/CInlineFilter.php(58): UserController->filterAccessControl()
#15 /var/www/akademik/common/lib/yii/web/filters/CFilterChain.php(130): CInlineFilter->filter()
#16 /var/www/akademik/common/lib/yii/web/CController.php(291): CFilterChain->run()
#17 /var/www/akademik/common/lib/yii/web/CController.php(265): UserController->runActionWithFilters()
#18 /var/www/akademik/common/lib/yii/web/CWebApplication.php(282): UserController->run()
#19 /var/www/akademik/common/lib/yii/web/CWebApplication.php(141): CWebApplication->runController()
#20 /var/www/akademik/common/lib/yii/base/CApplication.php(180): CWebApplication->processRequest()
#21 /var/www/akademik/ams/www/akademik.smpplusalkautsar/index.php(17): CWebApplication->run()
REQUEST_URI=/akademik/ams/www/akademik.smpplusalkautsar/user/create.html?type=user
in /var/www/akademik/ams/views/user/_form.php (105)
in /var/www/akademik/common/extensions/yii-debug-toolbar/YiiDebugViewRenderer.php (40)
in /var/www/akademik/ams/views/user/create.php (27)
2016/02/17 11:53:08 [error] [array
(
    'User' => array
    (
        'roles_id' => '1'
        'password' => ''
        'description' => ''
        'city_id' => '1'
        'address' => ''
        'phone' => ''
    )
    'province_id' => '1'
)] Landa Var Dump
in /var/www/akademik/common/globals.php (6)
in /var/www/akademik/ams/controllers/UserController.php (71)
in /var/www/akademik/ams/www/akademik.smpplusalkautsar/index.php (17)
2016/02/17 11:53:10 [error] [array
(
    'User' => array
    (
        'roles_id' => '2'
        'password' => ''
        'description' => ''
        'city_id' => '1'
        'address' => ''
        'phone' => ''
    )
    'province_id' => '1'
)] Landa Var Dump
in /var/www/akademik/common/globals.php (6)
in /var/www/akademik/ams/controllers/UserController.php (71)
in /var/www/akademik/ams/www/akademik.smpplusalkautsar/index.php (17)
2016/02/17 11:53:17 [error] [array
(
    'User' => array
    (
        'roles_id' => '1'
        'password' => ''
        'description' => ''
        'city_id' => '1'
        'address' => ''
        'phone' => ''
    )
    'province_id' => '1'
)] Landa Var Dump
in /var/www/akademik/common/globals.php (6)
in /var/www/akademik/ams/controllers/UserController.php (71)
in /var/www/akademik/ams/www/akademik.smpplusalkautsar/index.php (17)
2016/02/17 11:53:18 [error] [array
(
    'User' => array
    (
        'roles_id' => '2'
        'password' => ''
        'description' => ''
        'city_id' => '1'
        'address' => ''
        'phone' => ''
    )
    'province_id' => '1'
)] Landa Var Dump
in /var/www/akademik/common/globals.php (6)
in /var/www/akademik/ams/controllers/UserController.php (71)
in /var/www/akademik/ams/www/akademik.smpplusalkautsar/index.php (17)
2016/02/17 11:53:20 [error] [array
(
    'User' => array
    (
        'roles_id' => '1'
        'password' => ''
        'description' => ''
        'city_id' => '1'
        'address' => ''
        'phone' => ''
    )
    'province_id' => '1'
)] Landa Var Dump
in /var/www/akademik/common/globals.php (6)
in /var/www/akademik/ams/controllers/UserController.php (71)
in /var/www/akademik/ams/www/akademik.smpplusalkautsar/index.php (17)
2016/02/17 11:54:21 [error] [array
(
    'User' => array
    (
        'roles_id' => '1'
        'password' => ''
        'description' => ''
        'city_id' => '1'
        'address' => ''
        'phone' => ''
    )
    'province_id' => '1'
)] Landa Var Dump
in /var/www/akademik/common/globals.php (6)
in /var/www/akademik/ams/controllers/UserController.php (71)
in /var/www/akademik/ams/www/akademik.smpplusalkautsar/index.php (17)
2016/02/17 11:54:32 [error] [array
(
    'User' => array
    (
        'roles_id' => '2'
        'password' => ''
        'description' => ''
        'city_id' => '1'
        'address' => ''
        'phone' => ''
    )
    'province_id' => '1'
)] Landa Var Dump
in /var/www/akademik/common/globals.php (6)
in /var/www/akademik/ams/controllers/UserController.php (71)
in /var/www/akademik/ams/www/akademik.smpplusalkautsar/index.php (17)
2016/02/17 11:54:33 [error] [array
(
    'User' => array
    (
        'roles_id' => '1'
        'password' => ''
        'description' => ''
        'city_id' => '1'
        'address' => ''
        'phone' => ''
    )
    'province_id' => '1'
)] Landa Var Dump
in /var/www/akademik/common/globals.php (6)
in /var/www/akademik/ams/controllers/UserController.php (71)
in /var/www/akademik/ams/www/akademik.smpplusalkautsar/index.php (17)
2016/02/17 12:28:37 [error] [array
(
    'User' => array
    (
        'roles_id' => '1'
        'password' => ''
        'description' => ''
        'city_id' => '1'
        'address' => ''
        'phone' => ''
    )
    'province_id' => '1'
)] Landa Var Dump
in /var/www/akademik/common/globals.php (6)
in /var/www/akademik/ams/controllers/UserController.php (71)
in /var/www/akademik/ams/www/akademik.smpplusalkautsar/index.php (17)
2016/02/17 13:01:41 [error] [exception.CHttpException.404] exception 'CHttpException' with message 'The system is unable to find the requested action "user".' in /var/www/akademik/common/lib/yii/web/CController.php:483
Stack trace:
#0 /var/www/akademik/common/lib/yii/web/CController.php(270): CController->missingAction('user')
#1 /var/www/akademik/common/lib/yii/web/CWebApplication.php(282): CController->run('user')
#2 /var/www/akademik/common/lib/yii/web/CWebApplication.php(141): CWebApplication->runController('user/user')
#3 /var/www/akademik/common/lib/yii/base/CApplication.php(180): CWebApplication->processRequest()
#4 /var/www/akademik/ams/www/akademik.smpplusalkautsar/index.php(17): CApplication->run()
#5 {main}
REQUEST_URI=/akademik/ams/www/akademik.smpplusalkautsar/user/user.html
HTTP_REFERER=http://localhost/akademik/ams/www/akademik.smpplusalkautsar/user/create.html?type=user
---
2016/02/17 14:38:41 [error] [exception.CHttpException.404] exception 'CHttpException' with message 'Unable to resolve the request "fonts/CopernicusWeb_BookItalic.woff".' in /var/www/akademik/common/lib/yii/web/CWebApplication.php:286
Stack trace:
#0 /var/www/akademik/common/lib/yii/web/CWebApplication.php(141): CWebApplication->runController('fonts/Copernicu...')
#1 /var/www/akademik/common/lib/yii/base/CApplication.php(180): CWebApplication->processRequest()
#2 /var/www/akademik/ams/www/akademik.smpplusalkautsar/index.php(17): CApplication->run()
#3 {main}
REQUEST_URI=/akademik/ams/www/akademik.smpplusalkautsar/fonts/CopernicusWeb_BookItalic.woff
HTTP_REFERER=http://localhost/akademik/ams/www/akademik.smpplusalkautsar/style.css
---
2016/02/17 14:39:45 [error] [exception.CHttpException.404] exception 'CHttpException' with message 'Unable to resolve the request "fonts/CopernicusWeb_BookItalic.woff".' in /var/www/akademik/common/lib/yii/web/CWebApplication.php:286
Stack trace:
#0 /var/www/akademik/common/lib/yii/web/CWebApplication.php(141): CWebApplication->runController('fonts/Copernicu...')
#1 /var/www/akademik/common/lib/yii/base/CApplication.php(180): CWebApplication->processRequest()
#2 /var/www/akademik/ams/www/akademik.smpplusalkautsar/index.php(17): CApplication->run()
#3 {main}
REQUEST_URI=/akademik/ams/www/akademik.smpplusalkautsar/fonts/CopernicusWeb_BookItalic.woff
HTTP_REFERER=http://localhost/akademik/ams/www/akademik.smpplusalkautsar/style.css
---
2016/02/17 14:39:53 [error] [exception.CHttpException.404] exception 'CHttpException' with message 'Unable to resolve the request "fonts/CopernicusWeb_BookItalic.woff".' in /var/www/akademik/common/lib/yii/web/CWebApplication.php:286
Stack trace:
#0 /var/www/akademik/common/lib/yii/web/CWebApplication.php(141): CWebApplication->runController('fonts/Copernicu...')
#1 /var/www/akademik/common/lib/yii/base/CApplication.php(180): CWebApplication->processRequest()
#2 /var/www/akademik/ams/www/akademik.smpplusalkautsar/index.php(17): CApplication->run()
#3 {main}
REQUEST_URI=/akademik/ams/www/akademik.smpplusalkautsar/fonts/CopernicusWeb_BookItalic.woff
HTTP_REFERER=http://localhost/akademik/ams/www/akademik.smpplusalkautsar/style.css
---
2016/02/17 14:39:55 [error] [exception.CHttpException.404] exception 'CHttpException' with message 'Unable to resolve the request "doc".' in /var/www/akademik/common/lib/yii/web/CWebApplication.php:286
Stack trace:
#0 /var/www/akademik/common/lib/yii/web/CWebApplication.php(141): CWebApplication->runController('doc')
#1 /var/www/akademik/common/lib/yii/base/CApplication.php(180): CWebApplication->processRequest()
#2 /var/www/akademik/ams/www/akademik.smpplusalkautsar/index.php(17): CApplication->run()
#3 {main}
REQUEST_URI=/akademik/ams/www/akademik.smpplusalkautsar/doc
---
2016/02/17 14:39:58 [error] [exception.CHttpException.404] exception 'CHttpException' with message 'Unable to resolve the request "fonts/CopernicusWeb_BookItalic.woff".' in /var/www/akademik/common/lib/yii/web/CWebApplication.php:286
Stack trace:
#0 /var/www/akademik/common/lib/yii/web/CWebApplication.php(141): CWebApplication->runController('fonts/Copernicu...')
#1 /var/www/akademik/common/lib/yii/base/CApplication.php(180): CWebApplication->processRequest()
#2 /var/www/akademik/ams/www/akademik.smpplusalkautsar/index.php(17): CApplication->run()
#3 {main}
REQUEST_URI=/akademik/ams/www/akademik.smpplusalkautsar/fonts/CopernicusWeb_BookItalic.woff
HTTP_REFERER=http://localhost/akademik/ams/www/akademik.smpplusalkautsar/style.css
---
2016/02/17 14:40:07 [error] [exception.CHttpException.404] exception 'CHttpException' with message 'Unable to resolve the request "materi/SMP Plus Alkautsar Malang_files/prettyPhoto.css".' in /var/www/akademik/common/lib/yii/web/CWebApplication.php:286
Stack trace:
#0 /var/www/akademik/common/lib/yii/web/CWebApplication.php(141): CWebApplication->runController('materi/SMP Plus...')
#1 /var/www/akademik/common/lib/yii/base/CApplication.php(180): CWebApplication->processRequest()
#2 /var/www/akademik/ams/www/akademik.smpplusalkautsar/index.php(17): CApplication->run()
#3 {main}
REQUEST_URI=/akademik/ams/www/akademik.smpplusalkautsar/materi/SMP%20Plus%20Alkautsar%20Malang_files/prettyPhoto.css
HTTP_REFERER=http://localhost/akademik/ams/www/akademik.smpplusalkautsar/materi/
---
2016/02/17 14:40:07 [error] [exception.CHttpException.404] exception 'CHttpException' with message 'Unable to resolve the request "materi/SMP Plus Alkautsar Malang_files/request".' in /var/www/akademik/common/lib/yii/web/CWebApplication.php:286
Stack trace:
#0 /var/www/akademik/common/lib/yii/web/CWebApplication.php(141): CWebApplication->runController('materi/SMP Plus...')
#1 /var/www/akademik/common/lib/yii/base/CApplication.php(180): CWebApplication->processRequest()
#2 /var/www/akademik/ams/www/akademik.smpplusalkautsar/index.php(17): CApplication->run()
#3 {main}
REQUEST_URI=/akademik/ams/www/akademik.smpplusalkautsar/materi/SMP%20Plus%20Alkautsar%20Malang_files/request
HTTP_REFERER=http://localhost/akademik/ams/www/akademik.smpplusalkautsar/materi/
---
2016/02/17 14:40:07 [error] [exception.CHttpException.404] exception 'CHttpException' with message 'Unable to resolve the request "materi/SMP Plus Alkautsar Malang_files/zocial.css".' in /var/www/akademik/common/lib/yii/web/CWebApplication.php:286
Stack trace:
#0 /var/www/akademik/common/lib/yii/web/CWebApplication.php(141): CWebApplication->runController('materi/SMP Plus...')
#1 /var/www/akademik/common/lib/yii/base/CApplication.php(180): CWebApplication->processRequest()
#2 /var/www/akademik/ams/www/akademik.smpplusalkautsar/index.php(17): CApplication->run()
#3 {main}
REQUEST_URI=/akademik/ams/www/akademik.smpplusalkautsar/materi/SMP%20Plus%20Alkautsar%20Malang_files/zocial.css
HTTP_REFERER=http://localhost/akademik/ams/www/akademik.smpplusalkautsar/materi/
---
2016/02/17 14:40:52 [error] [exception.CHttpException.404] exception 'CHttpException' with message 'Unable to resolve the request "materi/SMP Plus Alkautsar Malang_files/css".' in /var/www/akademik/common/lib/yii/web/CWebApplication.php:286
Stack trace:
#0 /var/www/akademik/common/lib/yii/web/CWebApplication.php(141): CWebApplication->runController('materi/SMP Plus...')
#1 /var/www/akademik/common/lib/yii/base/CApplication.php(180): CWebApplication->processRequest()
#2 /var/www/akademik/ams/www/akademik.smpplusalkautsar/index.php(17): CApplication->run()
#3 {main}
REQUEST_URI=/akademik/ams/www/akademik.smpplusalkautsar/materi/SMP%20Plus%20Alkautsar%20Malang_files/css
HTTP_REFERER=http://localhost/akademik/ams/www/akademik.smpplusalkautsar/materi/index.php
---
2016/02/17 14:40:52 [error] [exception.CHttpException.404] exception 'CHttpException' with message 'Unable to resolve the request "materi/SMP Plus Alkautsar Malang_files/prettyPhoto.css".' in /var/www/akademik/common/lib/yii/web/CWebApplication.php:286
Stack trace:
#0 /var/www/akademik/common/lib/yii/web/CWebApplication.php(141): CWebApplication->runController('materi/SMP Plus...')
#1 /var/www/akademik/common/lib/yii/base/CApplication.php(180): CWebApplication->processRequest()
#2 /var/www/akademik/ams/www/akademik.smpplusalkautsar/index.php(17): CApplication->run()
#3 {main}
REQUEST_URI=/akademik/ams/www/akademik.smpplusalkautsar/materi/SMP%20Plus%20Alkautsar%20Malang_files/prettyPhoto.css
HTTP_REFERER=http://localhost/akademik/ams/www/akademik.smpplusalkautsar/materi/index.php
---
2016/02/17 14:40:52 [error] [exception.CHttpException.404] exception 'CHttpException' with message 'Unable to resolve the request "materi/SMP Plus Alkautsar Malang_files/request".' in /var/www/akademik/common/lib/yii/web/CWebApplication.php:286
Stack trace:
#0 /var/www/akademik/common/lib/yii/web/CWebApplication.php(141): CWebApplication->runController('materi/SMP Plus...')
#1 /var/www/akademik/common/lib/yii/base/CApplication.php(180): CWebApplication->processRequest()
#2 /var/www/akademik/ams/www/akademik.smpplusalkautsar/index.php(17): CApplication->run()
#3 {main}
REQUEST_URI=/akademik/ams/www/akademik.smpplusalkautsar/materi/SMP%20Plus%20Alkautsar%20Malang_files/request
HTTP_REFERER=http://localhost/akademik/ams/www/akademik.smpplusalkautsar/materi/index.php
---
2016/02/17 14:40:52 [error] [exception.CHttpException.404] exception 'CHttpException' with message 'Unable to resolve the request "materi/SMP Plus Alkautsar Malang_files/zocial.css".' in /var/www/akademik/common/lib/yii/web/CWebApplication.php:286
Stack trace:
#0 /var/www/akademik/common/lib/yii/web/CWebApplication.php(141): CWebApplication->runController('materi/SMP Plus...')
#1 /var/www/akademik/common/lib/yii/base/CApplication.php(180): CWebApplication->processRequest()
#2 /var/www/akademik/ams/www/akademik.smpplusalkautsar/index.php(17): CApplication->run()
#3 {main}
REQUEST_URI=/akademik/ams/www/akademik.smpplusalkautsar/materi/SMP%20Plus%20Alkautsar%20Malang_files/zocial.css
HTTP_REFERER=http://localhost/akademik/ams/www/akademik.smpplusalkautsar/materi/index.php
---
2016/02/17 14:40:55 [error] [exception.CHttpException.404] exception 'CHttpException' with message 'Unable to resolve the request "fonts/CopernicusWeb_BookItalic.woff".' in /var/www/akademik/common/lib/yii/web/CWebApplication.php:286
Stack trace:
#0 /var/www/akademik/common/lib/yii/web/CWebApplication.php(141): CWebApplication->runController('fonts/Copernicu...')
#1 /var/www/akademik/common/lib/yii/base/CApplication.php(180): CWebApplication->processRequest()
#2 /var/www/akademik/ams/www/akademik.smpplusalkautsar/index.php(17): CApplication->run()
#3 {main}
REQUEST_URI=/akademik/ams/www/akademik.smpplusalkautsar/fonts/CopernicusWeb_BookItalic.woff
HTTP_REFERER=http://localhost/akademik/ams/www/akademik.smpplusalkautsar/style.css
---
2016/02/17 14:40:58 [error] [php] in_array() expects parameter 2 to be array, null given (/var/www/akademik/common/themes/ujian/views/layouts/main.php:64)
Stack trace:
#0 /var/www/akademik/common/extensions/yii-debug-toolbar/YiiDebugViewRenderer.php(40): SiteController->renderInternal()
#1 /var/www/akademik/common/lib/yii/web/CBaseController.php(93): YiiDebugViewRenderer->renderFile()
#2 /var/www/akademik/common/lib/yii/web/CController.php(784): SiteController->renderFile()
#3 /var/www/akademik/ams/controllers/SiteController.php(34): SiteController->render()
#4 /var/www/akademik/common/lib/yii/web/actions/CInlineAction.php(49): SiteController->actionIndex()
#5 /var/www/akademik/common/lib/yii/web/CController.php(308): CInlineAction->runWithParams()
#6 /var/www/akademik/common/lib/yii/web/filters/CFilterChain.php(133): SiteController->runAction()
#7 /var/www/akademik/common/lib/yii/web/filters/CFilter.php(40): CFilterChain->run()
#8 /var/www/akademik/common/lib/yii/web/CController.php(1145): CAccessControlFilter->filter()
#9 /var/www/akademik/common/lib/yii/web/filters/CInlineFilter.php(58): SiteController->filterAccessControl()
#10 /var/www/akademik/common/lib/yii/web/filters/CFilterChain.php(130): CInlineFilter->filter()
#11 /var/www/akademik/common/lib/yii/web/CController.php(291): CFilterChain->run()
#12 /var/www/akademik/common/lib/yii/web/CController.php(265): SiteController->runActionWithFilters()
#13 /var/www/akademik/common/lib/yii/web/CWebApplication.php(282): SiteController->run()
#14 /var/www/akademik/common/lib/yii/web/CWebApplication.php(141): CWebApplication->runController()
#15 /var/www/akademik/common/lib/yii/base/CApplication.php(180): CWebApplication->processRequest()
#16 /var/www/akademik/ams/www/akademik.smpplusalkautsar/ujian/index.php(17): CWebApplication->run()
REQUEST_URI=/akademik/ams/www/akademik.smpplusalkautsar/ujian/
in /var/www/akademik/common/themes/ujian/views/layouts/main.php (64)
in /var/www/akademik/common/extensions/yii-debug-toolbar/YiiDebugViewRenderer.php (40)
in /var/www/akademik/ams/controllers/SiteController.php (34)
2016/02/17 14:41:08 [error] [exception.CHttpException.404] exception 'CHttpException' with message 'Unable to resolve the request "fonts/CopernicusWeb_BookItalic.woff".' in /var/www/akademik/common/lib/yii/web/CWebApplication.php:286
Stack trace:
#0 /var/www/akademik/common/lib/yii/web/CWebApplication.php(141): CWebApplication->runController('fonts/Copernicu...')
#1 /var/www/akademik/common/lib/yii/base/CApplication.php(180): CWebApplication->processRequest()
#2 /var/www/akademik/ams/www/akademik.smpplusalkautsar/index.php(17): CApplication->run()
#3 {main}
REQUEST_URI=/akademik/ams/www/akademik.smpplusalkautsar/fonts/CopernicusWeb_BookItalic.woff
HTTP_REFERER=http://localhost/akademik/ams/www/akademik.smpplusalkautsar/style.css
---
2016/02/17 14:41:10 [error] [php] in_array() expects parameter 2 to be array, null given (/var/www/akademik/common/themes/ujian/views/layouts/main.php:64)
Stack trace:
#0 /var/www/akademik/common/extensions/yii-debug-toolbar/YiiDebugViewRenderer.php(40): SiteController->renderInternal()
#1 /var/www/akademik/common/lib/yii/web/CBaseController.php(93): YiiDebugViewRenderer->renderFile()
#2 /var/www/akademik/common/lib/yii/web/CController.php(784): SiteController->renderFile()
#3 /var/www/akademik/ams/controllers/SiteController.php(34): SiteController->render()
#4 /var/www/akademik/common/lib/yii/web/actions/CInlineAction.php(49): SiteController->actionIndex()
#5 /var/www/akademik/common/lib/yii/web/CController.php(308): CInlineAction->runWithParams()
#6 /var/www/akademik/common/lib/yii/web/filters/CFilterChain.php(133): SiteController->runAction()
#7 /var/www/akademik/common/lib/yii/web/filters/CFilter.php(40): CFilterChain->run()
#8 /var/www/akademik/common/lib/yii/web/CController.php(1145): CAccessControlFilter->filter()
#9 /var/www/akademik/common/lib/yii/web/filters/CInlineFilter.php(58): SiteController->filterAccessControl()
#10 /var/www/akademik/common/lib/yii/web/filters/CFilterChain.php(130): CInlineFilter->filter()
#11 /var/www/akademik/common/lib/yii/web/CController.php(291): CFilterChain->run()
#12 /var/www/akademik/common/lib/yii/web/CController.php(265): SiteController->runActionWithFilters()
#13 /var/www/akademik/common/lib/yii/web/CWebApplication.php(282): SiteController->run()
#14 /var/www/akademik/common/lib/yii/web/CWebApplication.php(141): CWebApplication->runController()
#15 /var/www/akademik/common/lib/yii/base/CApplication.php(180): CWebApplication->processRequest()
#16 /var/www/akademik/ams/www/akademik.smpplusalkautsar/ujian/index.php(17): CWebApplication->run()
REQUEST_URI=/akademik/ams/www/akademik.smpplusalkautsar/ujian/
in /var/www/akademik/common/themes/ujian/views/layouts/main.php (64)
in /var/www/akademik/common/extensions/yii-debug-toolbar/YiiDebugViewRenderer.php (40)
in /var/www/akademik/ams/controllers/SiteController.php (34)
2016/02/17 14:42:39 [error] [php] in_array() expects parameter 2 to be array, null given (/var/www/akademik/common/themes/ujian/views/layouts/main.php:56)
Stack trace:
#0 /var/www/akademik/common/extensions/yii-debug-toolbar/YiiDebugViewRenderer.php(40): SiteController->renderInternal()
#1 /var/www/akademik/common/lib/yii/web/CBaseController.php(93): YiiDebugViewRenderer->renderFile()
#2 /var/www/akademik/common/lib/yii/web/CController.php(784): SiteController->renderFile()
#3 /var/www/akademik/ams/controllers/SiteController.php(34): SiteController->render()
#4 /var/www/akademik/common/lib/yii/web/actions/CInlineAction.php(49): SiteController->actionIndex()
#5 /var/www/akademik/common/lib/yii/web/CController.php(308): CInlineAction->runWithParams()
#6 /var/www/akademik/common/lib/yii/web/filters/CFilterChain.php(133): SiteController->runAction()
#7 /var/www/akademik/common/lib/yii/web/filters/CFilter.php(40): CFilterChain->run()
#8 /var/www/akademik/common/lib/yii/web/CController.php(1145): CAccessControlFilter->filter()
#9 /var/www/akademik/common/lib/yii/web/filters/CInlineFilter.php(58): SiteController->filterAccessControl()
#10 /var/www/akademik/common/lib/yii/web/filters/CFilterChain.php(130): CInlineFilter->filter()
#11 /var/www/akademik/common/lib/yii/web/CController.php(291): CFilterChain->run()
#12 /var/www/akademik/common/lib/yii/web/CController.php(265): SiteController->runActionWithFilters()
#13 /var/www/akademik/common/lib/yii/web/CWebApplication.php(282): SiteController->run()
#14 /var/www/akademik/common/lib/yii/web/CWebApplication.php(141): CWebApplication->runController()
#15 /var/www/akademik/common/lib/yii/base/CApplication.php(180): CWebApplication->processRequest()
#16 /var/www/akademik/ams/www/akademik.smpplusalkautsar/ujian/index.php(17): CWebApplication->run()
REQUEST_URI=/akademik/ams/www/akademik.smpplusalkautsar/ujian/
in /var/www/akademik/common/themes/ujian/views/layouts/main.php (56)
in /var/www/akademik/common/extensions/yii-debug-toolbar/YiiDebugViewRenderer.php (40)
in /var/www/akademik/ams/controllers/SiteController.php (34)
2016/02/17 14:43:04 [error] [php] in_array() expects parameter 2 to be array, null given (/var/www/akademik/common/themes/ujian/views/layouts/main.php:46)
Stack trace:
#0 /var/www/akademik/common/extensions/yii-debug-toolbar/YiiDebugViewRenderer.php(40): SiteController->renderInternal()
#1 /var/www/akademik/common/lib/yii/web/CBaseController.php(93): YiiDebugViewRenderer->renderFile()
#2 /var/www/akademik/common/lib/yii/web/CController.php(784): SiteController->renderFile()
#3 /var/www/akademik/ams/controllers/SiteController.php(34): SiteController->render()
#4 /var/www/akademik/common/lib/yii/web/actions/CInlineAction.php(49): SiteController->actionIndex()
#5 /var/www/akademik/common/lib/yii/web/CController.php(308): CInlineAction->runWithParams()
#6 /var/www/akademik/common/lib/yii/web/filters/CFilterChain.php(133): SiteController->runAction()
#7 /var/www/akademik/common/lib/yii/web/filters/CFilter.php(40): CFilterChain->run()
#8 /var/www/akademik/common/lib/yii/web/CController.php(1145): CAccessControlFilter->filter()
#9 /var/www/akademik/common/lib/yii/web/filters/CInlineFilter.php(58): SiteController->filterAccessControl()
#10 /var/www/akademik/common/lib/yii/web/filters/CFilterChain.php(130): CInlineFilter->filter()
#11 /var/www/akademik/common/lib/yii/web/CController.php(291): CFilterChain->run()
#12 /var/www/akademik/common/lib/yii/web/CController.php(265): SiteController->runActionWithFilters()
#13 /var/www/akademik/common/lib/yii/web/CWebApplication.php(282): SiteController->run()
#14 /var/www/akademik/common/lib/yii/web/CWebApplication.php(141): CWebApplication->runController()
#15 /var/www/akademik/common/lib/yii/base/CApplication.php(180): CWebApplication->processRequest()
#16 /var/www/akademik/ams/www/akademik.smpplusalkautsar/ujian/index.php(17): CWebApplication->run()
REQUEST_URI=/akademik/ams/www/akademik.smpplusalkautsar/ujian/
in /var/www/akademik/common/themes/ujian/views/layouts/main.php (46)
in /var/www/akademik/common/extensions/yii-debug-toolbar/YiiDebugViewRenderer.php (40)
in /var/www/akademik/ams/controllers/SiteController.php (34)
2016/02/17 14:44:00 [error] [exception.CHttpException.404] exception 'CHttpException' with message 'Unable to resolve the request "fonts/CopernicusWeb_BookItalic.woff".' in /var/www/akademik/common/lib/yii/web/CWebApplication.php:286
Stack trace:
#0 /var/www/akademik/common/lib/yii/web/CWebApplication.php(141): CWebApplication->runController('fonts/Copernicu...')
#1 /var/www/akademik/common/lib/yii/base/CApplication.php(180): CWebApplication->processRequest()
#2 /var/www/akademik/ams/www/akademik.smpplusalkautsar/index.php(17): CApplication->run()
#3 {main}
REQUEST_URI=/akademik/ams/www/akademik.smpplusalkautsar/fonts/CopernicusWeb_BookItalic.woff
HTTP_REFERER=http://localhost/akademik/ams/www/akademik.smpplusalkautsar/style.css
---
2016/02/17 14:46:03 [error] [php] in_array() expects parameter 2 to be array, null given (/var/www/akademik/common/themes/ujian/views/layouts/main.php:44)
Stack trace:
#0 /var/www/akademik/common/extensions/yii-debug-toolbar/YiiDebugViewRenderer.php(40): SiteController->renderInternal()
#1 /var/www/akademik/common/lib/yii/web/CBaseController.php(93): YiiDebugViewRenderer->renderFile()
#2 /var/www/akademik/common/lib/yii/web/CController.php(784): SiteController->renderFile()
#3 /var/www/akademik/ams/controllers/SiteController.php(34): SiteController->render()
#4 /var/www/akademik/common/lib/yii/web/actions/CInlineAction.php(49): SiteController->actionIndex()
#5 /var/www/akademik/common/lib/yii/web/CController.php(308): CInlineAction->runWithParams()
#6 /var/www/akademik/common/lib/yii/web/filters/CFilterChain.php(133): SiteController->runAction()
#7 /var/www/akademik/common/lib/yii/web/filters/CFilter.php(40): CFilterChain->run()
#8 /var/www/akademik/common/lib/yii/web/CController.php(1145): CAccessControlFilter->filter()
#9 /var/www/akademik/common/lib/yii/web/filters/CInlineFilter.php(58): SiteController->filterAccessControl()
#10 /var/www/akademik/common/lib/yii/web/filters/CFilterChain.php(130): CInlineFilter->filter()
#11 /var/www/akademik/common/lib/yii/web/CController.php(291): CFilterChain->run()
#12 /var/www/akademik/common/lib/yii/web/CController.php(265): SiteController->runActionWithFilters()
#13 /var/www/akademik/common/lib/yii/web/CWebApplication.php(282): SiteController->run()
#14 /var/www/akademik/common/lib/yii/web/CWebApplication.php(141): CWebApplication->runController()
#15 /var/www/akademik/common/lib/yii/base/CApplication.php(180): CWebApplication->processRequest()
#16 /var/www/akademik/ams/www/akademik.smpplusalkautsar/ujian/index.php(17): CWebApplication->run()
REQUEST_URI=/akademik/ams/www/akademik.smpplusalkautsar/ujian/
in /var/www/akademik/common/themes/ujian/views/layouts/main.php (44)
in /var/www/akademik/common/extensions/yii-debug-toolbar/YiiDebugViewRenderer.php (40)
in /var/www/akademik/ams/controllers/SiteController.php (34)
2016/02/17 14:46:40 [error] [exception.CHttpException.404] exception 'CHttpException' with message 'Unable to resolve the request "fonts/CopernicusWeb_BookItalic.woff".' in /var/www/akademik/common/lib/yii/web/CWebApplication.php:286
Stack trace:
#0 /var/www/akademik/common/lib/yii/web/CWebApplication.php(141): CWebApplication->runController('fonts/Copernicu...')
#1 /var/www/akademik/common/lib/yii/base/CApplication.php(180): CWebApplication->processRequest()
#2 /var/www/akademik/ams/www/akademik.smpplusalkautsar/index.php(17): CApplication->run()
#3 {main}
REQUEST_URI=/akademik/ams/www/akademik.smpplusalkautsar/fonts/CopernicusWeb_BookItalic.woff
HTTP_REFERER=http://localhost/akademik/ams/www/akademik.smpplusalkautsar/style.css
---
2016/02/17 14:46:40 [error] [exception.CHttpException.404] exception 'CHttpException' with message 'Unable to resolve the request "fonts/CopernicusWeb_BookItalic.woff".' in /var/www/akademik/common/lib/yii/web/CWebApplication.php:286
Stack trace:
#0 /var/www/akademik/common/lib/yii/web/CWebApplication.php(141): CWebApplication->runController('fonts/Copernicu...')
#1 /var/www/akademik/common/lib/yii/base/CApplication.php(180): CWebApplication->processRequest()
#2 /var/www/akademik/ams/www/akademik.smpplusalkautsar/index.php(17): CApplication->run()
#3 {main}
REQUEST_URI=/akademik/ams/www/akademik.smpplusalkautsar/fonts/CopernicusWeb_BookItalic.woff
HTTP_REFERER=http://localhost/akademik/ams/www/akademik.smpplusalkautsar/style.css
---
